{"numFailedTestSuites":0,"numFailedTests":0,"numPassedTestSuites":3,"numPassedTests":22,"numPendingTestSuites":0,"numPendingTests":0,"numRuntimeErrorTestSuites":0,"numTodoTests":0,"numTotalTestSuites":3,"numTotalTests":22,"openHandles":[],"snapshot":{"added":0,"didUpdate":false,"failure":false,"filesAdded":0,"filesRemoved":0,"filesRemovedList":[],"filesUnmatched":0,"filesUpdated":0,"matched":0,"total":0,"unchecked":0,"uncheckedKeysByFile":[],"unmatched":0,"updated":0},"startTime":1758691652726,"success":true,"testResults":[{"assertionResults":[{"ancestorTitles":["bibleReference utils"],"duration":2,"failureDetails":[],"failureMessages":[],"fullName":"bibleReference utils resolves common book names and abbreviations","invocations":1,"location":null,"numPassingAsserts":6,"retryReasons":[],"status":"passed","title":"resolves common book names and abbreviations"},{"ancestorTitles":["bibleReference utils"],"duration":0,"failureDetails":[],"failureMessages":[],"fullName":"bibleReference utils parses single verse references","invocations":1,"location":null,"numPassingAsserts":7,"retryReasons":[],"status":"passed","title":"parses single verse references"},{"ancestorTitles":["bibleReference utils"],"duration":0,"failureDetails":[],"failureMessages":[],"fullName":"bibleReference utils parses intra-chapter ranges","invocations":1,"location":null,"numPassingAsserts":7,"retryReasons":[],"status":"passed","title":"parses intra-chapter ranges"},{"ancestorTitles":["bibleReference utils"],"duration":1,"failureDetails":[],"failureMessages":[],"fullName":"bibleReference utils parses cross-chapter ranges","invocations":1,"location":null,"numPassingAsserts":7,"retryReasons":[],"status":"passed","title":"parses cross-chapter ranges"},{"ancestorTitles":["bibleReference utils"],"duration":0,"failureDetails":[],"failureMessages":[],"fullName":"bibleReference utils returns null for invalid inputs","invocations":1,"location":null,"numPassingAsserts":4,"retryReasons":[],"status":"passed","title":"returns null for invalid inputs"},{"ancestorTitles":["bibleReference utils"],"duration":1,"failureDetails":[],"failureMessages":[],"fullName":"bibleReference utils supports common NT abbreviations","invocations":1,"location":null,"numPassingAsserts":6,"retryReasons":[],"status":"passed","title":"supports common NT abbreviations"},{"ancestorTitles":["bibleReference utils"],"duration":0,"failureDetails":[],"failureMessages":[],"fullName":"bibleReference utils returns a parsed object even if range order is reversed (logical invalid)","invocations":1,"location":null,"numPassingAsserts":6,"retryReasons":[],"status":"passed","title":"returns a parsed object even if range order is reversed (logical invalid)"},{"ancestorTitles":["bibleReference utils"],"duration":0,"failureDetails":[],"failureMessages":[],"fullName":"bibleReference utils normalizes reversed ranges","invocations":1,"location":null,"numPassingAsserts":2,"retryReasons":[],"status":"passed","title":"normalizes reversed ranges"},{"ancestorTitles":["bibleReference utils"],"duration":0,"failureDetails":[],"failureMessages":[],"fullName":"bibleReference utils formats references in code, abbr, and full styles","invocations":1,"location":null,"numPassingAsserts":3,"retryReasons":[],"status":"passed","title":"formats references in code, abbr, and full styles"}],"endTime":1758691653123,"message":"","name":"/workspace/services/__tests__/BibleReference.test.ts","startTime":1758691652880,"status":"passed","summary":""},{"assertionResults":[{"ancestorTitles":["BibleService getPassageByReference"],"duration":8,"failureDetails":[],"failureMessages":[],"fullName":"BibleService getPassageByReference returns single verse","invocations":1,"location":null,"numPassingAsserts":4,"retryReasons":[],"status":"passed","title":"returns single verse"},{"ancestorTitles":["BibleService getPassageByReference"],"duration":2,"failureDetails":[],"failureMessages":[],"fullName":"BibleService getPassageByReference returns intra-chapter range","invocations":1,"location":null,"numPassingAsserts":2,"retryReasons":[],"status":"passed","title":"returns intra-chapter range"},{"ancestorTitles":["BibleService getPassageByReference"],"duration":2,"failureDetails":[],"failureMessages":[],"fullName":"BibleService getPassageByReference returns cross-chapter range","invocations":1,"location":null,"numPassingAsserts":3,"retryReasons":[],"status":"passed","title":"returns cross-chapter range"},{"ancestorTitles":["BibleService getPassageByReference"],"duration":6,"failureDetails":[],"failureMessages":[],"fullName":"BibleService getPassageByReference getPassageText returns concatenated text with and without verse numbers","invocations":1,"location":null,"numPassingAsserts":3,"retryReasons":[],"status":"passed","title":"getPassageText returns concatenated text with and without verse numbers"},{"ancestorTitles":["BibleService getPassageByReference"],"duration":0,"failureDetails":[],"failureMessages":[],"fullName":"BibleService getPassageByReference returns null for unknown book","invocations":1,"location":null,"numPassingAsserts":1,"retryReasons":[],"status":"passed","title":"returns null for unknown book"},{"ancestorTitles":["BibleService getPassageByReference"],"duration":0,"failureDetails":[],"failureMessages":[],"fullName":"BibleService getPassageByReference returns null for malformed reference","invocations":1,"location":null,"numPassingAsserts":1,"retryReasons":[],"status":"passed","title":"returns null for malformed reference"},{"ancestorTitles":["BibleService getPassageByReference"],"duration":2,"failureDetails":[],"failureMessages":[],"fullName":"BibleService getPassageByReference handles reversed ranges by returning empty verses if out of order","invocations":1,"location":null,"numPassingAsserts":2,"retryReasons":[],"status":"passed","title":"handles reversed ranges by returning empty verses if out of order"},{"ancestorTitles":["BibleService getPassageByReference"],"duration":1,"failureDetails":[],"failureMessages":[],"fullName":"BibleService getPassageByReference works for a New Testament passage (John 1:1) by mapping Jn/JHN codes","invocations":1,"location":null,"numPassingAsserts":3,"retryReasons":[],"status":"passed","title":"works for a New Testament passage (John 1:1) by mapping Jn/JHN codes"}],"endTime":1758691653552,"message":"","name":"/workspace/services/__tests__/BibleServiceReference.test.ts","startTime":1758691653143,"status":"passed","summary":""},{"assertionResults":[{"ancestorTitles":["MultiVersionBibleService getPassageByReference"],"duration":1,"failureDetails":[],"failureMessages":[],"fullName":"MultiVersionBibleService getPassageByReference returns OT range (GEN 1:1-2) using mocked loadBook","invocations":1,"location":null,"numPassingAsserts":3,"retryReasons":[],"status":"passed","title":"returns OT range (GEN 1:1-2) using mocked loadBook"},{"ancestorTitles":["MultiVersionBibleService getPassageByReference"],"duration":1,"failureDetails":[],"failureMessages":[],"fullName":"MultiVersionBibleService getPassageByReference returns NT single verse (Jn 1:1) using mocked loadBook","invocations":1,"location":null,"numPassingAsserts":3,"retryReasons":[],"status":"passed","title":"returns NT single verse (Jn 1:1) using mocked loadBook"},{"ancestorTitles":["MultiVersionBibleService getPassageByReference"],"duration":1,"failureDetails":[],"failureMessages":[],"fullName":"MultiVersionBibleService getPassageByReference getPassageText returns concatenated text for multi-version service","invocations":1,"location":null,"numPassingAsserts":1,"retryReasons":[],"status":"passed","title":"getPassageText returns concatenated text for multi-version service"},{"ancestorTitles":["MultiVersionBibleService getPassageByReference"],"duration":0,"failureDetails":[],"failureMessages":[],"fullName":"MultiVersionBibleService getPassageByReference returns null for invalid book reference","invocations":1,"location":null,"numPassingAsserts":1,"retryReasons":[],"status":"passed","title":"returns null for invalid book reference"},{"ancestorTitles":["MultiVersionBibleService getPassageByReference"],"duration":0,"failureDetails":[],"failureMessages":[],"fullName":"MultiVersionBibleService getPassageByReference returns empty verses for out-of-range verse numbers on mocked data","invocations":1,"location":null,"numPassingAsserts":2,"retryReasons":[],"status":"passed","title":"returns empty verses for out-of-range verse numbers on mocked data"}],"endTime":1758691653710,"message":"","name":"/workspace/services/__tests__/MultiVersionBibleServiceReference.test.ts","startTime":1758691653572,"status":"passed","summary":""}],"wasInterrupted":false}
